<?xml version="1.0" encoding="UTF-8"?>
<testsuite name="cache-invariant" tests="57" failures="0" errors="0" skipped="0">
<testcase classname="cache_invariant.runtime" name="cache_all_results_equal"/>
<testcase classname="cache_invariant.runtime" name="cache_off_response_prompt_work_equal"/>
<testcase classname="cache_invariant.runtime" name="cache_off_slot_prompt_work_equal"/>
<testcase classname="cache_invariant.runtime" name="cache_on_response_prompt_work_strictly_reduced"/>
<testcase classname="cache_invariant.runtime" name="cache_on_slot_prompt_work_strictly_reduced"/>
<testcase classname="cache_invariant.runtime" name="cache_prompt_work_views_consistent"/>
<testcase classname="cache_invariant.runtime" name="cache_slots_idle"/>
<testcase classname="cache_invariant.runtime" name="cancel_active_processing_observed"/>
<testcase classname="cache_invariant.runtime" name="cancel_first_event_nonterminal"/>
<testcase classname="cache_invariant.runtime" name="cancel_first_event_observed"/>
<testcase classname="cache_invariant.runtime" name="cancel_idle_after_disconnect"/>
<testcase classname="cache_invariant.runtime" name="cancel_prompt_work_views_consistent"/>
<testcase classname="cache_invariant.runtime" name="cancel_reuse_prompt_work_matches_clean_slot"/>
<testcase classname="cache_invariant.runtime" name="cancel_reuse_result_matches_clean_slot"/>
<testcase classname="cache_invariant.runtime" name="cancel_reused_slot_idle"/>
<testcase classname="cache_invariant.runtime" name="interleave_baseline_prompt_work_views_consistent"/>
<testcase classname="cache_invariant.runtime" name="interleave_baselines_idle"/>
<testcase classname="cache_invariant.runtime" name="interleave_slot_0_cancelled_first_both_first_events_before_disconnect"/>
<testcase classname="cache_invariant.runtime" name="interleave_slot_0_cancelled_first_both_idle_after_second_disconnect"/>
<testcase classname="cache_invariant.runtime" name="interleave_slot_0_cancelled_first_cancelled_slot_idle_after_first_disconnect"/>
<testcase classname="cache_invariant.runtime" name="interleave_slot_0_cancelled_first_result_slots_idle"/>
<testcase classname="cache_invariant.runtime" name="interleave_slot_0_cancelled_first_result_views_consistent"/>
<testcase classname="cache_invariant.runtime" name="interleave_slot_0_cancelled_first_slot_0_first_event_nonterminal"/>
<testcase classname="cache_invariant.runtime" name="interleave_slot_0_cancelled_first_slot_0_first_event_observed"/>
<testcase classname="cache_invariant.runtime" name="interleave_slot_0_cancelled_first_slot_0_prompt_work_matches_baseline"/>
<testcase classname="cache_invariant.runtime" name="interleave_slot_0_cancelled_first_slot_0_reuse_matches_baseline"/>
<testcase classname="cache_invariant.runtime" name="interleave_slot_0_cancelled_first_slot_1_first_event_nonterminal"/>
<testcase classname="cache_invariant.runtime" name="interleave_slot_0_cancelled_first_slot_1_first_event_observed"/>
<testcase classname="cache_invariant.runtime" name="interleave_slot_0_cancelled_first_slot_1_prompt_work_matches_baseline"/>
<testcase classname="cache_invariant.runtime" name="interleave_slot_0_cancelled_first_slot_1_reuse_matches_baseline"/>
<testcase classname="cache_invariant.runtime" name="interleave_slot_1_cancelled_first_both_first_events_before_disconnect"/>
<testcase classname="cache_invariant.runtime" name="interleave_slot_1_cancelled_first_both_idle_after_second_disconnect"/>
<testcase classname="cache_invariant.runtime" name="interleave_slot_1_cancelled_first_cancelled_slot_idle_after_first_disconnect"/>
<testcase classname="cache_invariant.runtime" name="interleave_slot_1_cancelled_first_result_slots_idle"/>
<testcase classname="cache_invariant.runtime" name="interleave_slot_1_cancelled_first_result_views_consistent"/>
<testcase classname="cache_invariant.runtime" name="interleave_slot_1_cancelled_first_slot_0_first_event_nonterminal"/>
<testcase classname="cache_invariant.runtime" name="interleave_slot_1_cancelled_first_slot_0_first_event_observed"/>
<testcase classname="cache_invariant.runtime" name="interleave_slot_1_cancelled_first_slot_0_prompt_work_matches_baseline"/>
<testcase classname="cache_invariant.runtime" name="interleave_slot_1_cancelled_first_slot_0_reuse_matches_baseline"/>
<testcase classname="cache_invariant.runtime" name="interleave_slot_1_cancelled_first_slot_1_first_event_nonterminal"/>
<testcase classname="cache_invariant.runtime" name="interleave_slot_1_cancelled_first_slot_1_first_event_observed"/>
<testcase classname="cache_invariant.runtime" name="interleave_slot_1_cancelled_first_slot_1_prompt_work_matches_baseline"/>
<testcase classname="cache_invariant.runtime" name="interleave_slot_1_cancelled_first_slot_1_reuse_matches_baseline"/>
<testcase classname="cache_invariant.runtime" name="restart_response_prompt_work_strictly_reduced"/>
<testcase classname="cache_invariant.runtime" name="restart_restore_count_matches_save"/>
<testcase classname="cache_invariant.runtime" name="restart_restore_result_matches_source"/>
<testcase classname="cache_invariant.runtime" name="restart_slot_prompt_work_strictly_reduced"/>
<testcase classname="cache_invariant.runtime" name="restore_prompt_work_views_consistent"/>
<testcase classname="cache_invariant.runtime" name="restore_slots_idle"/>
<testcase classname="cache_invariant.runtime" name="same_process_response_prompt_work_strictly_reduced"/>
<testcase classname="cache_invariant.runtime" name="same_process_restore_count_matches_save"/>
<testcase classname="cache_invariant.runtime" name="same_process_restore_result_matches_source"/>
<testcase classname="cache_invariant.runtime" name="same_process_slot_prompt_work_strictly_reduced"/>
<testcase classname="cache_invariant.runtime" name="save_reports_positive_tokens"/>
<testcase classname="cache_invariant.runtime" name="server_process_restart_confirmed"/>
<testcase classname="cache_invariant.runtime" name="slot_state_file_nonempty"/>
<testcase classname="cache_invariant.runtime" name="slot_state_file_unchanged_across_restart"/>
</testsuite>
